2023-12-23 22:40:48,084 INFO Логи для теста
2023-12-23 22:40:48,085 INFO Запрос числа N
2023-12-23 22:40:49,811 ERROR Ошбика ввода N числа пользователем, пользователь ввел - а
2023-12-23 22:40:49,811 INFO Запрос числа N
2023-12-23 22:40:50,750 ERROR Ошбика ввода N числа пользователем, пользователь ввел - 0
2023-12-23 22:40:50,750 INFO Запрос числа N
2023-12-23 22:40:56,393 INFO Число N введенное ползователем 7
2023-12-23 22:40:56,393 INFO Запрос числа k
2023-12-23 22:40:57,724 ERROR Ошбика ввода k числа пользователем, пользователь ввел - а
2023-12-23 22:40:57,724 INFO Запрос числа k
2023-12-23 22:40:58,725 ERROR Ошбика ввода k числа пользователем, пользователь ввел - 0
2023-12-23 22:40:58,725 INFO Запрос числа k
2023-12-23 22:40:59,249 INFO Число k введенное ползователем 3
2023-12-23 22:40:59,249 INFO Число, которое компьютер загадал 6
2023-12-23 22:40:59,249 INFO Запрос угадать число
2023-12-23 22:41:02,144 INFO 1 попытка - 4
2023-12-23 22:41:02,145 INFO Ответ на 1 попытку - Неверно, загаданное число больше
2023-12-23 22:41:02,145 INFO Запрос угадать число
2023-12-23 22:41:04,421 INFO 2 попытка - 6
2023-12-23 22:41:04,422 INFO Ответ на 2 попытку - Правильно
2023-12-23 22:41:04,422 INFO 
2023-12-23 22:41:22,032 INFO Логи для теста
2023-12-23 22:41:22,033 INFO Запрос числа N
2023-12-23 22:41:37,270 INFO Число N введенное ползователем 10
2023-12-23 22:41:37,270 INFO Запрос числа k
2023-12-23 22:41:37,947 INFO Число k введенное ползователем 5
2023-12-23 22:41:37,948 INFO Число, которое компьютер загадал 4
2023-12-23 22:41:37,948 INFO Запрос угадать число
2023-12-23 22:41:40,293 INFO 1 попытка - 5
2023-12-23 22:41:40,294 INFO Ответ на 1 попытку - Неверно, загаданное число меньше
2023-12-23 22:41:40,294 INFO Запрос угадать число
2023-12-23 22:41:43,485 INFO 2 попытка - 3
2023-12-23 22:41:43,485 INFO Ответ на 2 попытку - Неверно, загаданное число больше
2023-12-23 22:41:43,485 INFO Запрос угадать число
2023-12-23 22:41:44,710 INFO 3 попытка - 4
2023-12-23 22:41:44,711 INFO Ответ на 3 попытку - Правильно
2023-12-23 22:41:44,711 INFO 
